<?xml version="1.0" encoding="UTF-8"?>
<testsuite name="app_tests.GetGroupTest-20240306211204" tests="2" file="app_tests.py" time="0.154" timestamp="2024-03-06T21:12:09" failures="0" errors="0" skipped="0">
	<testcase classname="app_tests.GetGroupTest" name="test_get_group" time="0.025" timestamp="2024-03-06T21:12:09"/>
	<testcase classname="app_tests.GetGroupTest" name="test_home" time="0.129" timestamp="2024-03-06T21:12:09"/>
</testsuite>
