<?xml version="1.0" encoding="UTF-8"?>
<testsuite name="app_tests.GetGroupTest-20240306211201" tests="2" file="app_tests.py" time="0.068" timestamp="2024-03-06T21:12:03" failures="0" errors="0" skipped="0">
	<testcase classname="app_tests.GetGroupTest" name="test_get_group" time="0.021" timestamp="2024-03-06T21:12:03"/>
	<testcase classname="app_tests.GetGroupTest" name="test_home" time="0.047" timestamp="2024-03-06T21:12:03"/>
</testsuite>
